# JRE version: Java(TM) SE Runtime Environment (8.0_74-b02) (build 1.8.0_74-b02)
# Java VM: Java HotSpot(TM) 64-Bit Server VM (25.74-b02 mixed mode bsd-amd64 compressed oops)
Heap:
 PSYoungGen      total 379392K, used 314871K [0x0000000795580000, 0x00000007bd800000, 0x00000007c0000000)
  eden space 146432K, 90% used [0x0000000795580000,0x000000079d6e6748,0x000000079e480000)
  from space 232960K, 78% used [0x000000079e480000,0x00000007a9697630,0x00000007ac800000)
  to   space 232960K, 0% used [0x00000007af480000,0x00000007af480000,0x00000007bd800000)
 ParOldGen       total 700416K, used 490338K [0x0000000740000000, 0x000000076ac00000, 0x0000000795580000)
  object space 700416K, 70% used [0x0000000740000000,0x000000075ded89c8,0x000000076ac00000)
 Metaspace       used 19578K, capacity 20044K, committed 20096K, reserved 1067008K
  class space    used 2260K, capacity 2400K, committed 2432K, reserved 1048576K
GC Heap History (10 events):
Event: 15.244 GC heap before
{Heap before GC invocations=15 (full 3):
 PSYoungGen      total 299520K, used 299502K [0x0000000795580000, 0x00000007b8e80000, 0x00000007c0000000)
  eden space 119296K, 100% used [0x0000000795580000,0x000000079ca00000,0x000000079ca00000)
  from space 180224K, 99% used [0x000000079ca00000,0x00000007a79fbb48,0x00000007a7a00000)
  to   space 219648K, 0% used [0x00000007ab800000,0x00000007ab800000,0x00000007b8e80000)
 ParOldGen       total 444416K, used 316819K [0x0000000740000000, 0x000000075b200000, 0x0000000795580000)
  object space 444416K, 71% used [0x0000000740000000,0x0000000753564ed0,0x000000075b200000)
 Metaspace       used 15999K, capacity 16416K, committed 16640K, reserved 1064960K
  class space    used 1898K, capacity 2008K, committed 2048K, reserved 1048576K
Event: 15.435 GC heap after
Heap after GC invocations=15 (full 3):
 PSYoungGen      total 337408K, used 78930K [0x0000000795580000, 0x00000007b7700000, 0x00000007c0000000)
  eden space 141824K, 0% used [0x0000000795580000,0x0000000795580000,0x000000079e000000)
  from space 195584K, 40% used [0x00000007ab800000,0x00000007b0514a80,0x00000007b7700000)
  to   space 208384K, 0% used [0x000000079e000000,0x000000079e000000,0x00000007aab80000)
 ParOldGen       total 444416K, used 432132K [0x0000000740000000, 0x000000075b200000, 0x0000000795580000)
  object space 444416K, 97% used [0x0000000740000000,0x000000075a6011e0,0x000000075b200000)
 Metaspace       used 15999K, capacity 16416K, committed 16640K, reserved 1064960K
  class space    used 1898K, capacity 2008K, committed 2048K, reserved 1048576K
}
Event: 15.435 GC heap before
{Heap before GC invocations=16 (full 4):
 PSYoungGen      total 337408K, used 78930K [0x0000000795580000, 0x00000007b7700000, 0x00000007c0000000)
  eden space 141824K, 0% used [0x0000000795580000,0x0000000795580000,0x000000079e000000)
  from space 195584K, 40% used [0x00000007ab800000,0x00000007b0514a80,0x00000007b7700000)
  to   space 208384K, 0% used [0x000000079e000000,0x000000079e000000,0x00000007aab80000)
 ParOldGen       total 444416K, used 432132K [0x0000000740000000, 0x000000075b200000, 0x0000000795580000)
  object space 444416K, 97% used [0x0000000740000000,0x000000075a6011e0,0x000000075b200000)
 Metaspace       used 15999K, capacity 16416K, committed 16640K, reserved 1064960K
  class space    used 1898K, capacity 2008K, committed 2048K, reserved 1048576K
Event: 16.818 GC heap after
Heap after GC invocations=16 (full 4):
 PSYoungGen      total 337408K, used 48926K [0x0000000795580000, 0x00000007b7700000, 0x00000007c0000000)
  eden space 141824K, 0% used [0x0000000795580000,0x0000000795580000,0x000000079e000000)
  from space 195584K, 25% used [0x00000007ab800000,0x00000007ae7c7b28,0x00000007b7700000)
  to   space 208384K, 0% used [0x000000079e000000,0x000000079e000000,0x00000007aab80000)
 ParOldGen       total 700416K, used 444202K [0x0000000740000000, 0x000000076ac00000, 0x0000000795580000)
  object space 700416K, 63% used [0x0000000740000000,0x000000075b1ca9c8,0x000000076ac00000)
 Metaspace       used 15999K, capacity 16416K, committed 16640K, reserved 1064960K
  class space    used 1898K, capacity 2008K, committed 2048K, reserved 1048576K
}
Event: 17.479 GC heap before
{Heap before GC invocations=17 (full 4):
 PSYoungGen      total 337408K, used 190750K [0x0000000795580000, 0x00000007b7700000, 0x00000007c0000000)
  eden space 141824K, 100% used [0x0000000795580000,0x000000079e000000,0x000000079e000000)
  from space 195584K, 25% used [0x00000007ab800000,0x00000007ae7c7b28,0x00000007b7700000)
  to   space 208384K, 0% used [0x000000079e000000,0x000000079e000000,0x00000007aab80000)
 ParOldGen       total 700416K, used 444202K [0x0000000740000000, 0x000000076ac00000, 0x0000000795580000)
  object space 700416K, 63% used [0x0000000740000000,0x000000075b1ca9c8,0x000000076ac00000)
 Metaspace       used 16745K, capacity 17174K, committed 17536K, reserved 1064960K
  class space    used 1962K, capacity 2065K, committed 2176K, reserved 1048576K
Event: 17.692 GC heap after
Heap after GC invocations=17 (full 4):
 PSYoungGen      total 350208K, used 124943K [0x0000000795580000, 0x00000007b9500000, 0x00000007c0000000)
  eden space 141824K, 0% used [0x0000000795580000,0x0000000795580000,0x000000079e000000)
  from space 208384K, 59% used [0x000000079e000000,0x00000007a5a03f68,0x00000007aab80000)
  to   space 209920K, 0% used [0x00000007ac800000,0x00000007ac800000,0x00000007b9500000)
 ParOldGen       total 700416K, used 444210K [0x0000000740000000, 0x000000076ac00000, 0x0000000795580000)
  object space 700416K, 63% used [0x0000000740000000,0x000000075b1cc9c8,0x000000076ac00000)
 Metaspace       used 16745K, capacity 17174K, committed 17536K, reserved 1064960K
  class space    used 1962K, capacity 2065K, committed 2176K, reserved 1048576K
}
Event: 17.973 GC heap before
{Heap before GC invocations=18 (full 4):
 PSYoungGen      total 350208K, used 255974K [0x0000000795580000, 0x00000007b9500000, 0x00000007c0000000)
  eden space 141824K, 92% used [0x0000000795580000,0x000000079d575920,0x000000079e000000)
  from space 208384K, 59% used [0x000000079e000000,0x00000007a5a03f68,0x00000007aab80000)
  to   space 209920K, 0% used [0x00000007ac800000,0x00000007ac800000,0x00000007b9500000)
 ParOldGen       total 700416K, used 444210K [0x0000000740000000, 0x000000076ac00000, 0x0000000795580000)
  object space 700416K, 63% used [0x0000000740000000,0x000000075b1cc9c8,0x000000076ac00000)
 Metaspace       used 16745K, capacity 17174K, committed 17536K, reserved 1064960K
  class space    used 1962K, capacity 2065K, committed 2176K, reserved 1048576K
Event: 18.182 GC heap after
Heap after GC invocations=18 (full 4):
 PSYoungGen      total 356352K, used 193773K [0x0000000795580000, 0x00000007bcc80000, 0x00000007c0000000)
  eden space 146432K, 0% used [0x0000000795580000,0x0000000795580000,0x000000079e480000)
  from space 209920K, 92% used [0x00000007ac800000,0x00000007b853b690,0x00000007b9500000)
  to   space 232960K, 0% used [0x000000079e480000,0x000000079e480000,0x00000007ac800000)
 ParOldGen       total 700416K, used 444210K [0x0000000740000000, 0x000000076ac00000, 0x0000000795580000)
  object space 700416K, 63% used [0x0000000740000000,0x000000075b1cc9c8,0x000000076ac00000)
 Metaspace       used 16745K, capacity 17174K, committed 17536K, reserved 1064960K
  class space    used 1962K, capacity 2065K, committed 2176K, reserved 1048576K
}
Event: 18.538 GC heap before
{Heap before GC invocations=19 (full 4):
 PSYoungGen      total 356352K, used 338180K [0x0000000795580000, 0x00000007bcc80000, 0x00000007c0000000)
  eden space 146432K, 98% used [0x0000000795580000,0x000000079e285c38,0x000000079e480000)
  from space 209920K, 92% used [0x00000007ac800000,0x00000007b853b690,0x00000007b9500000)
  to   space 232960K, 0% used [0x000000079e480000,0x000000079e480000,0x00000007ac800000)
 ParOldGen       total 700416K, used 444210K [0x0000000740000000, 0x000000076ac00000, 0x0000000795580000)
  object space 700416K, 63% used [0x0000000740000000,0x000000075b1cc9c8,0x000000076ac00000)
 Metaspace       used 16745K, capacity 17174K, committed 17536K, reserved 1064960K
  class space    used 1962K, capacity 2065K, committed 2176K, reserved 1048576K
Event: 18.790 GC heap after
Heap after GC invocations=19 (full 4):
 PSYoungGen      total 379392K, used 182365K [0x0000000795580000, 0x00000007bd800000, 0x00000007c0000000)
  eden space 146432K, 0% used [0x0000000795580000,0x0000000795580000,0x000000079e480000)
  from space 232960K, 78% used [0x000000079e480000,0x00000007a9697630,0x00000007ac800000)
  to   space 232960K, 0% used [0x00000007af480000,0x00000007af480000,0x00000007bd800000)
 ParOldGen       total 700416K, used 490338K [0x0000000740000000, 0x000000076ac00000, 0x0000000795580000)
  object space 700416K, 70% used [0x0000000740000000,0x000000075ded89c8,0x000000076ac00000)
 Metaspace       used 16745K, capacity 17174K, committed 17536K, reserved 1064960K
  class space    used 1962K, capacity 2065K, committed 2176K, reserved 1048576K
}

